{
  "stats": {
    "suites": 1,
    "tests": 1,
    "passes": 1,
    "pending": 0,
    "failures": 0,
    "start": "2022-03-09T22:23:35.918Z",
    "end": "2022-03-09T22:23:40.037Z",
    "duration": 4119,
    "testsRegistered": 1,
    "passPercent": 100,
    "pendingPercent": 0,
    "other": 0,
    "hasOther": false,
    "skipped": 0,
    "hasSkipped": false
  },
  "results": [
    {
      "uuid": "3aa315ff-6f9c-4fc7-837d-7a41b900ed01",
      "title": "",
      "fullFile": "cypress/integration/nav.spec.js",
      "file": "cypress/integration/nav.spec.js",
      "beforeHooks": [],
      "afterHooks": [],
      "tests": [],
      "suites": [
        {
          "uuid": "04b525b8-401b-4297-b3a3-c25e60294b8b",
          "title": "Navigation",
          "fullFile": "",
          "file": "",
          "beforeHooks": [],
          "afterHooks": [],
          "tests": [
            {
              "title": "Should navigate to the test method view",
              "fullTitle": "Navigation Should navigate to the test method view",
              "timedOut": null,
              "duration": 4066,
              "state": "passed",
              "speed": "fast",
              "pass": true,
              "fail": false,
              "pending": false,
              "context": null,
              "code": "// navigate to the homepage\ncy.visit('/'); // check that the \"Welcome to the-internet\" heading is there\nexpect(cy.contains('Welcome to the-internet')).to.exist;",
              "err": {},
              "uuid": "6bc2e74e-0781-4c37-a936-8210f59d96df",
              "parentUUID": "04b525b8-401b-4297-b3a3-c25e60294b8b",
              "isHook": false,
              "skipped": false
            }
          ],
          "suites": [],
          "passes": [
            "6bc2e74e-0781-4c37-a936-8210f59d96df"
          ],
          "failures": [],
          "pending": [],
          "skipped": [],
          "duration": 4066,
          "root": false,
          "rootEmpty": false,
          "_timeout": 2000
        }
      ],
      "passes": [],
      "failures": [],
      "pending": [],
      "skipped": [],
      "duration": 0,
      "root": true,
      "rootEmpty": true,
      "_timeout": 2000
    }
  ],
  "meta": {
    "mocha": {
      "version": "7.0.1"
    },
    "mochawesome": {
      "options": {
        "quiet": false,
        "reportFilename": "report",
        "saveHtml": true,
        "saveJson": true,
        "consoleReporter": "spec",
        "useInlineDiffs": false,
        "code": true
      },
      "version": "7.1.2"
    },
    "marge": {
      "options": {
        "charts": false,
        "html": true,
        "json": true,
        "reportDir": "cypress/reports",
        "reportFilename": "report",
        "overwrite": true
      },
      "version": "6.1.1"
    }
  }
}